<?xml version="1.0" encoding="UTF-8"?>
<!-- Generated by org.testng.reporters.JUnitReportReporter -->
<testsuite hostname="EGDM1-AMounir" failures="0" tests="1" name="tests.ExtentReport" time="3.243" errors="0" timestamp="2021-01-21T15:08:49 EET" skipped="0">
  <testcase classname="tests.ExtentReport" name="testreport" time="3.243"/>
  <system-out/>
</testsuite> <!-- tests.ExtentReport -->
