<?xml version="1.0" encoding="UTF-8"?>
<!-- Generated by org.testng.reporters.JUnitReportReporter -->
<testsuite hostname="EGDM1-AMounir" failures="0" tests="7" name="tests.CountriesTest" time="53.701" errors="0" timestamp="2021-02-09T15:48:19 EET" skipped="0">
  <testcase classname="tests.CountriesTest" name="testDeleteItem" time="6.030"/>
  <system-out/>
  <testcase classname="tests.CountriesTest" name="openCountries" time="3.503"/>
  <system-out/>
  <testcase classname="tests.CountriesTest" name="testUpdateItem" time="10.313"/>
  <system-out/>
  <testcase classname="tests.CountriesTest" name="fillData" time="6.621"/>
  <system-out/>
  <testcase classname="tests.CountriesTest" name="testCreateNewItem" time="4.356"/>
  <system-out/>
  <testcase classname="tests.CountriesTest" name="clickAddNewCountry" time="12.821"/>
  <system-out/>
  <testcase classname="tests.CountriesTest" name="testViewItem" time="10.057"/>
  <system-out/>
</testsuite> <!-- tests.CountriesTest -->
