<?xml version="1.0" encoding="UTF-8"?>
<!-- Generated by org.testng.reporters.JUnitReportReporter -->
<testsuite hostname="EGDM1-AMounir" failures="0" tests="7" name="tests.CurrenciesListTest" time="21.896" errors="0" timestamp="2021-01-31T12:52:46 EET" skipped="0">
  <testcase classname="tests.CurrenciesListTest" name="testDeleteItem" time="2.012"/>
  <system-out/>
  <testcase classname="tests.CurrenciesListTest" name="testUpdateItem" time="4.574"/>
  <system-out/>
  <testcase classname="tests.CurrenciesListTest" name="openCurrencieList" time="0.588"/>
  <system-out/>
  <testcase classname="tests.CurrenciesListTest" name="testViewItem" time="3.607"/>
  <system-out/>
  <testcase classname="tests.CurrenciesListTest" name="testCreateNewItem" time="2.499"/>
  <system-out/>
  <testcase classname="tests.CurrenciesListTest" name="clickAddNewCountry" time="6.916"/>
  <system-out/>
  <testcase classname="tests.CurrenciesListTest" name="fillData" time="1.700"/>
  <system-out/>
</testsuite> <!-- tests.CurrenciesListTest -->
