<?xml version="1.0" encoding="UTF-8"?>
<!-- Generated by org.testng.reporters.JUnitReportReporter -->
<testsuite hostname="EGDM1-AMounir" failures="0" tests="7" name="tests.SectorsTest" time="30.306" errors="0" timestamp="2021-02-01T11:01:13 EET" skipped="0">
  <testcase classname="tests.SectorsTest" name="clickAddNewSector" time="7.863"/>
  <system-out/>
  <testcase classname="tests.SectorsTest" name="testCreateNewItem" time="2.538"/>
  <system-out/>
  <testcase classname="tests.SectorsTest" name="testViewItem" time="4.756"/>
  <system-out/>
  <testcase classname="tests.SectorsTest" name="fillData" time="4.180"/>
  <system-out/>
  <testcase classname="tests.SectorsTest" name="testUpdateItem" time="6.334"/>
  <system-out/>
  <testcase classname="tests.SectorsTest" name="testDeleteItem" time="3.423"/>
  <system-out/>
  <testcase classname="tests.SectorsTest" name="openSectors" time="1.212"/>
  <system-out/>
</testsuite> <!-- tests.SectorsTest -->
