<?xml version="1.0" encoding="UTF-8"?>
<!-- Generated by org.testng.reporters.JUnitReportReporter -->
<testsuite hostname="EGDM1-AMounir" failures="0" tests="7" name="tests.CategoriesTest" time="26.308" errors="0" timestamp="2021-01-31T13:55:32 EET" skipped="0">
  <testcase classname="tests.CategoriesTest" name="testUpdateItem" time="6.484"/>
  <system-out/>
  <testcase classname="tests.CategoriesTest" name="testDeleteItem" time="3.443"/>
  <system-out/>
  <testcase classname="tests.CategoriesTest" name="openCategories" time="0.335"/>
  <system-out/>
  <testcase classname="tests.CategoriesTest" name="fillData" time="2.246"/>
  <system-out/>
  <testcase classname="tests.CategoriesTest" name="testCreateNewItem" time="2.490"/>
  <system-out/>
  <testcase classname="tests.CategoriesTest" name="clickAddNewCategory" time="6.572"/>
  <system-out/>
  <testcase classname="tests.CategoriesTest" name="testViewItem" time="4.738"/>
  <system-out/>
</testsuite> <!-- tests.CategoriesTest -->
