<?xml version="1.0" encoding="UTF-8"?>
<!-- Generated by org.testng.reporters.JUnitReportReporter -->
<testsuite hostname="EGDM1-AMounir" failures="0" tests="6" name="tests.CRUDTest" time="0.000" errors="0" timestamp="2021-03-23T08:48:03 EET" skipped="6">
  <testcase classname="tests.CRUDTest" name="testBackButton" time="0.000">
    <skipped/>
  </testcase> <!-- testBackButton -->
  <system-out/>
  <testcase classname="tests.CRUDTest" name="openScreen" time="0.000">
    <skipped/>
  </testcase> <!-- openScreen -->
  <system-out/>
  <testcase classname="tests.CRUDTest" name="testAddItem" time="0.000">
    <skipped/>
  </testcase> <!-- testAddItem -->
  <system-out/>
  <testcase classname="tests.CRUDTest" name="testSaveButton" time="0.000">
    <skipped/>
  </testcase> <!-- testSaveButton -->
  <system-out/>
  <testcase classname="tests.CRUDTest" name="testUpdateButton" time="0.000">
    <skipped/>
  </testcase> <!-- testUpdateButton -->
  <system-out/>
  <testcase classname="tests.CRUDTest" name="testDeleteButton" time="0.000">
    <skipped/>
  </testcase> <!-- testDeleteButton -->
  <system-out/>
</testsuite> <!-- tests.CRUDTest -->
